C51 COMPILER V9.01   PROC_SYSTEM_TOU                                                       04/16/2019 21:42:01 PAGE 1   


C51 COMPILER V9.01, COMPILATION OF MODULE PROC_SYSTEM_TOU
OBJECT MODULE PLACED IN .\Proc_System_Tou.obj
COMPILER INVOKED BY: C:\Keil\C51\BIN\C51.EXE ..\C_Source\S0_System\Proc_System_Tou.c LARGE BROWSE INCDIR(..\C_Source\S0_
                    -System;..\C_Source\S1_HardDrv;..\C_Source\S2_MyLib;..\C_Source\S3_ApiPlat;..\C_Source\S4_ApiUser;..\C_Source\S5_ApiProto
                    -col;..\C_Source\S6_MyIncludes;..\C_Source\S1_HardDrv\V9811A_EMU;..\C_Source\S1_HardDrv\V9811A_MCU;..\C_Source\S1_HardDrv
                    -\E2P_24CXXX) DEBUG OBJECTEXTEND PRINT(.\Proc_System_Tou.lst) OBJECT(.\Proc_System_Tou.obj)

line level    source

   1          /*
   2          *****************Copyright (c)*************************************
   3          **      Hangzhou Xili Watthour Meter Manufacture Co., Ltd. 
   4          **--------------file info--------------------------------------------
   5          **name                  : Proc_Tou.c
   6          **Author                : maji
   7          **date                  : 2016-04-20
   8          **description   : 系统时标触发后的处理相关C代码
   9          **note                  : V9811A ，MERTER FOR DL03C
  10          **--------------------Version History -------------------------------------
  11          ** NO. Date         Ver      By         Description 
  12          **==============================================================
  13          ** 1   2016-04-26   v01.00   sosomj     1. frist version                             
  14          **
  15          **==============================================================
  16          */
  17          
  18          #include <MyIncludes_H.h>
  19          
  20          
  21          
  22          RTC_TYPE gs_CurDateTime;
  23          TOU_VAR  gs_tou_var;
  24          AUTO_ClrMeter_VAR  gs_auto_clrMeter_var;
  25          uint8 button_flag = 0;
  26          uint8 button_delay = 0;
  27          uint8 MD_flag = 0;
  28          uint8 MD_delay = 1;
  29          uint8 MAGN_flag = 0;
  30          uint8 MAGN_delay = 0;
  31          uint8 MD_dis_delay = 0;
  32          INT8U Bill_Data;
  33          uint8 KEY_READ_FLAG = 0;
  34          uint8 KEY_READ_DELAY = 0;
  35          uint8 IsModeTest = FALSE;
  36          uint8 TestDelay = 0;
  37          uint8 TestDelaySecond = 0;
  38          uint8 Bar_No = 0;
  39          float timdelay = 0;
  40          float t_count =0;
*** WARNING C231 IN LINE 40 OF ..\C_SOURCE\S0_SYSTEM\PROC_SYSTEM_TOU.C: 't_count': redefinition
  41          
  42                  volatile float p_val;
  43                  volatile float t_val;
  44                  float c;
  45                  float e;
  46          /*****************************************************************************
  47          ** Function name    :Proc_get_clock
  48          **
  49          ** Description         :获取当前RTC 时间全局变量数据  
  50          **
  51          ** Parameters         :NONE          
C51 COMPILER V9.01   PROC_SYSTEM_TOU                                                       04/16/2019 21:42:01 PAGE 2   

  52          **
  53          ** Returned value   :NONE
  54          **
  55          **----------------------------------------------------------------------------
  56          ** V01.01  MJ  2016-04-23
  57          ******************************************************************************/
  58          void Proc_get_clock(void)
  59          {
  60   1       RTC_TYPE rtc_data_tmp;
  61   1      
  62   1          //获取当前时间数据数据   //
  63   1          Get_RTCTime(&rtc_data_tmp);  
  64   1          if(Lib_Check_RTC_data_FORM(&rtc_data_tmp.Week) ==FALSE)
  65   1          {
  66   2              mem_read(&rtc_data_tmp.Week, ADR_METER_VAR_RTC, 7, MEM_E2P1);
  67   2              if(Lib_Check_RTC_data_FORM(&rtc_data_tmp.Week) ==FALSE)
  68   2             {
  69   3                  // 默认 2016-4-20  12:30:30   WEEKDAY=3(周3) //
  70   3                  rtc_data_tmp.Week= 3;       
  71   3                  rtc_data_tmp.Year = 0x16;
  72   3                  rtc_data_tmp.Month = 0x04;
  73   3                  rtc_data_tmp.Day= 0x20;
  74   3                  rtc_data_tmp.Hour= 0x12;
  75   3                  rtc_data_tmp.Minute= 0x30;
  76   3                  rtc_data_tmp.Second= 0x30;
  77   3                  mem_db_write(ADR_METER_VAR_RTC, &rtc_data_tmp.Week, 7, MEM_E2P1);
  78   3              }
  79   2              Set_RTCTime(&rtc_data_tmp);   
  80   2          }
  81   1          Lib_Copy_Str_TwoArry(&gs_CurDateTime.Week, &rtc_data_tmp.Week, 7);    //数据赋值 //
  82   1      }
  83          
  84          
  85          /*****************************************************************************
  86          ** Function name    :Proc_init_tou_var
  87          **
  88          ** Description         :获取当前RTC 时间全局变量数据  
  89          **
  90          ** Parameters         :NONE          
  91          **
  92          ** Returned value   :NONE
  93          **
  94          **----------------------------------------------------------------------------
  95          ** V01.01  MJ  2016-04-23
  96          ******************************************************************************/
  97          void Proc_init_tou_var(void)
  98          {
  99   1          Proc_get_clock();
 100   1            
 101   1      }
 102          void api_handl_button_pre_10ms(void)
 103          {
 104   1              if(Judge_ERR_COVER_key() == FALSE && KEY_READ_FLAG == 0)
 105   1              {
 106   2                      KEY_READ_FLAG = 1;
 107   2                      KEY_READ_DELAY = 3;              //长按3秒进入test模式
 108   2              }
 109   1              if(Judge_ERR_COVER_key() == TRUE)
 110   1              {
 111   2                      KEY_READ_FLAG = 0;
 112   2                      KEY_READ_DELAY = 0;
 113   2              }
C51 COMPILER V9.01   PROC_SYSTEM_TOU                                                       04/16/2019 21:42:01 PAGE 3   

 114   1              if(Judge_PG_DN_key() == TRUE && button_delay == 0)
*** WARNING C206 IN LINE 114 OF ..\C_SOURCE\S0_SYSTEM\PROC_SYSTEM_TOU.C: 'Judge_PG_DN_key': missing function-prototype
 115   1              {
 116   2                      button_flag = 1;
 117   2                      button_delay = 1;
 118   2              //      api_updated_LCDDisplayItem_per_second();
 119   2              }
 120   1              if(Judge_PG_DN_key() == FALSE)
 121   1              {
 122   2                      button_delay = 0;
 123   2              }
 124   1              if(Judge_MD_CLEAR_key() == TRUE && MD_delay == 0)
*** WARNING C206 IN LINE 124 OF ..\C_SOURCE\S0_SYSTEM\PROC_SYSTEM_TOU.C: 'Judge_MD_CLEAR_key': missing function-prototyp
             -e
 125   1              {
 126   2                      MD_flag = 1;
 127   2                      MD_delay = 1;
 128   2              }
 129   1              if(Judge_MD_CLEAR_key() == FALSE)
 130   1              {
 131   2                      MD_delay = 0;
 132   2              }
 133   1              if(Judge_MAGN_CHK_key() == TRUE && MAGN_delay == 0)
*** WARNING C206 IN LINE 133 OF ..\C_SOURCE\S0_SYSTEM\PROC_SYSTEM_TOU.C: 'Judge_MAGN_CHK_key': missing function-prototyp
             -e
 134   1              {
 135   2                      MAGN_flag = 1;
 136   2                      MAGN_delay = 1;
 137   2      //                      api_updated_LCDDisplayItem_per_second();
 138   2              } 
 139   1              if(Judge_MAGN_CHK_key() == FALSE)
 140   1              {
 141   2                      MAGN_delay = 0;
 142   2              }
 143   1      }
 144          
 145          void api_handl_bar_display_1ms(void)  //0.8ms
 146          {
 147   1      //      volatile float p_val;
 148   1      //      volatile float t_val;
 149   1      //      float c;
 150   1      //      float e;
 151   1      
 152   1              //获取功率 //0.72kW -> 5S    7.2kW -> 0.5s         240*200=48kW
 153   1      //      pow_val = 72147;
 154   1      
 155   1              if(p_val > 0)
 156   1              {
 157   2                      c= (t_count);
 158   2      
 159   2                      e=      (t_val*42);      //5ms
 160   2      
 161   2                      if(c >= e)
 162   2                      {       
 163   3                              Bar_No++;
 164   3                              t_count = 0;
 165   3                              switch(Bar_No)
 166   3                              {
 167   4                                      case 1:
 168   4              //                              gs_dis_pixel_var.dis_buff[10] &= ~(BIT7+BIT6+BIT5);
 169   4                                              gs_dis_pixel_var.dis_buff[10] |= BIT7;
 170   4                                              break;
C51 COMPILER V9.01   PROC_SYSTEM_TOU                                                       04/16/2019 21:42:01 PAGE 4   

 171   4                                      case 2:
 172   4      //                                      gs_dis_pixel_var.dis_buff[10] &= ~(BIT7+BIT6+BIT5);
 173   4                                              gs_dis_pixel_var.dis_buff[10] |= BIT6+BIT7;
 174   4                                              break;
 175   4                                      case 3:
 176   4      //                                      gs_dis_pixel_var.dis_buff[10] &= ~(BIT7+BIT6+BIT5);
 177   4                                              gs_dis_pixel_var.dis_buff[10] |= BIT7+BIT6+BIT5;
 178   4                                              TR2 = 0;
 179   4                                              ET2 = 0;
 180   4                                              break;
 181   4                                      default:
 182   4              //                              gs_dis_pixel_var.dis_buff[10] &= ~(BIT7+BIT6+BIT5);
 183   4                                              break;
 184   4                              }
 185   3                              if(MD_dis_delay == 0)
 186   3                              {
 187   4                                      Write_LCD(&gs_dis_pixel_var.dis_buff[0]);
 188   4                              }
 189   3                              else
 190   3                              {
 191   4                                      Full_SEG(0xFF);
 192   4                              }
 193   3                      }
 194   2                      else
 195   2                      {
 196   3                              t_count++;
 197   3                      }
 198   2              }
 199   1      }
 200          
 201          /*****************************************************************************
 202          ** Function name    :Proc_handl_tou_10ms
 203          **
 204          ** Description         :10ms中断产生后的程序处理        
 205          **
 206          ** Parameters         :NONE          
 207          **
 208          ** Returned value   :NONE
 209          **
 210          **----------------------------------------------------------------------------
 211          ** V01.01  MJ  2016-04-23
 212          ******************************************************************************/
 213          void Proc_handl_tou_10ms(void)
 214          {
 215   1              uint8 i;
 216   1      
 217   1              //通讯串口10ms 处理 //
 218   1              for(i=0;i<UART_CH_NUM;i++)
 219   1              {
 220   2                  Hdl_UART_10ms_run(i);
 221   2                  api_handl_COMM_pre_10ms(i);
 222   2              }
 223   1              api_handl_button_pre_10ms();
 224   1      
 225   1              if(IsModeTest == FALSE)
 226   1              {       //关闭80ms定时器
 227   2                      TR2 = 0;
 228   2                      ET2 = 0;
 229   2              }
 230   1              
 231   1      //      api_handl_bar_display_10ms();
 232   1      //      //48kW -> 0.075S
C51 COMPILER V9.01   PROC_SYSTEM_TOU                                                       04/16/2019 21:42:01 PAGE 5   

 233   1      }
 234          
 235          
 236          
 237          /*****************************************************************************
 238          ** Function name    :Proc_handl_tou_10ms
 239          **
 240          ** Description         :10ms中断产生后的程序处理        
 241          **
 242          ** Parameters         :NONE          
 243          **
 244          ** Returned value   :NONE
 245          **
 246          **----------------------------------------------------------------------------
 247          ** V01.01  MJ  2016-04-23
 248          ******************************************************************************/
 249          void Proc_handl_tou_1s(void)
 250          {
 251   1      //      INT8U Bill_Data;
 252   1      
 253   1      //      NEW_MMD_DATA_UNIT st_mmd_unit;
 254   1      //      SUM_MMD_DATA_UNIT sum_st_mmd_unit;
 255   1              Proc_get_clock();
 256   1      //      mem_db_check();
 257   1              CLRWDT();       // 清看门狗//
 258   1              if(gs_emu_run_var.delay_emu>0)
 259   1              {
 260   2                       gs_emu_run_var.delay_emu--;//emu稳定时间为3秒
 261   2                       api_Measure_ram_INIT();
 262   2              }
 263   1              //计量稳定后扫描事件
 264   1              if(gs_emu_run_var.delay_emu==0)
 265   1              {
 266   2                      // 瞬时量获取//
 267   2                      // OpenCF();
 268   2                      api_measure_deal_pre_second();
 269   2                      CLRWDT();       // 清看门狗//
 270   2                      //电能脉冲秒处理 //
 271   2                      api_accum_current_energy_data_pre_second();
 272   2                      CLRWDT();   // 清看门狗//
 273   2                      api_even_Detect_sec();
 274   2                      //需量秒计算处理 //
 275   2                      api_updata_md_var_min_per_second(); 
 276   2                      CLRWDT();       // 清看门狗//
 277   2                      //硬件短接清零检测秒处理//   
 278   2                      Proc_Check_PROKEY_Pre_sec();
 279   2                      //LED灯状态刷新//
 280   2                      api_updated_LED_per_second();
 281   2                      api_measure_VBAT_pre_min();   
 282   2              }
 283   1      
 284   1              if(MD_dis_delay == 0)//按键需量清零以后3秒全屏
 285   1              {
 286   2                      // 显示项目每秒改变处理//        
 287   2              api_updated_LCDDisplayItem_per_second();    
 288   2              // 显示内容每秒更新处理//                
 289   2              api_updated_LCDDisplayPixel_per_second();
 290   2              }
 291   1              else
 292   1              {
 293   2                      MD_dis_delay -- ;
 294   2              }
C51 COMPILER V9.01   PROC_SYSTEM_TOU                                                       04/16/2019 21:42:01 PAGE 6   

 295   1           //分钟级处理  //
 296   1      #if meter_type == D_1P2W
              
                       //无功补偿
                       TimeEventProc();
              #endif
 301   1          if(gs_CurDateTime.Second == 0)
 302   1          {
 303   2                      Check_EMU_AdjParam();
 304   2                      CLRWDT();       // 清看门狗//
 305   2                      api_updata_md_var_slid_per_minute();   
 306   2                      CLRWDT();       // 清看门狗//
 307   2                      //日冻结
 308   2                      api_freeze_energy_Ram_pre_day();
 309   2                      api_freeze_energy_pre_day(); 
 310   2      //              mem_read(&Bill_Data, ADR_BLOCK20_METER_PARAM1_E2P+ST_MB_OFFSET(E2P_METER_PARAM1_MAP,BILL_FLAG), 1, MEM
             -_E2P1);
 311   2                      #if (BILL_MAX_NUM>0)
 312   2                      if(Bill_Data == 0x30)
 313   2                      {
 314   3                              CLRWDT();
 315   3                              api_handl_settle_per_minute();
 316   3                      }
 317   2                      CLRWDT();       // 清看门狗//
 318   2                      #endif
 319   2                      LoadPro_Rec();         
 320   2                      CLRWDT();       // 清看门狗//
 321   2                      #if (TARIFF_MAX_NUM>1)
 322   2                      api_update_triffNo_pre_minute();
 323   2                      #endif  
 324   2                               
 325   2          }
 326   1              ///////////////////////////////////////////////////////////////////////////////////////////////
 327   1              //按键切换模式
 328   1              if(Judge_ERR_COVER_key() == FALSE)
 329   1              {
 330   2                      if(KEY_READ_DELAY > 0)
 331   2                      {
 332   3                              KEY_READ_DELAY--;       
 333   3                      }else{
 334   3                              if(IsModeTest == FALSE)
 335   3                              {
 336   4                                      IsModeTest = TRUE;
 337   4                                      TestDelay = 10;   //min
 338   4                                      TestDelaySecond = gs_CurDateTime.Second;
 339   4                                      //液晶显示test模式  code
 340   4                              }
 341   3      //                      else
 342   3      //                      {
 343   3      //                              IsModeTest = FALSE;
 344   3      //                      }
 345   3                      }
 346   2              }else{
 347   2                      if(TestDelay > 0)
 348   2                      {
 349   3                              if(gs_CurDateTime.Second == TestDelaySecond)
 350   3                                      TestDelay --;
 351   3                      }else{
 352   3                              IsModeTest = FALSE;
 353   3                      }
 354   2              }
 355   1              ////////////////////////////////////////////////////////////////////////////////////////////////
C51 COMPILER V9.01   PROC_SYSTEM_TOU                                                       04/16/2019 21:42:01 PAGE 7   

 356   1           if(gs_CurDateTime.Second == 0x25)
 357   1           {
 358   2              Handl_RTC_Adj_per_minu();   
 359   2                      CLRWDT();       // 清看门狗//
 360   2           }  
 361   1      
 362   1        
 363   1          if(gs_CurDateTime.Second == 0x31)
 364   1           {
 365   2             api_measure_temperature_pre_min();   
 366   2                 CLRWDT();   // 清看门狗//
 367   2           } 
 368   1      
 369   1      }
 370          
 371          
 372          //-------------------------------------------------------------------------------//
 373          //  Function:      void get_default_mem_data(INT8U index)     
 374          //  Description:  
 375          //  Parameters:   无  
 376          //  Returns:        无                          
 377          //  Others:         
 378          //-------------------------------------------------------------------------------//
 379          void  Proc_Auto_ClrMeter_Pre_sec(void)
 380          {
 381   1      
 382   1         ;
 383   1      }
 384          
 385          //-------------------------------------------------------------------------------//
 386          //  Function:      void get_default_mem_data(INT8U index)     
 387          //  Description:  
 388          //  Parameters:   无  
 389          //  Returns:        无                          
 390          //  Others:         
 391          //-------------------------------------------------------------------------------//
 392          
 393          
 394          void  Initlize_Auto_ClrMeter_Var(void)
 395          {
 396   1      
 397   1              gs_auto_clrMeter_var.u8_sec_cnt=0;
 398   1              gs_auto_clrMeter_var.u8_flg = 0;
 399   1      
 400   1      }
 401          
 402          
 403          
 404          
 405          
 406          /***************************************************************
 407          *    END
 408          ****************************************************************/
 409          


MODULE INFORMATION:   STATIC OVERLAYABLE
   CODE SIZE        =    924    ----
   CONSTANT SIZE    =   ----    ----
   XDATA SIZE       =     55       8
   PDATA SIZE       =   ----    ----
   DATA SIZE        =   ----    ----
C51 COMPILER V9.01   PROC_SYSTEM_TOU                                                       04/16/2019 21:42:01 PAGE 8   

   IDATA SIZE       =   ----    ----
   BIT SIZE         =   ----    ----
END OF MODULE INFORMATION.


C51 COMPILATION COMPLETE.  4 WARNING(S),  0 ERROR(S)
